Apr 17, 2015 12:44:28 AM org.apache.catalina.core.AprLifecycleListener lifecycleEvent
INFO: The Apache Tomcat Native library which allows optimal performance in production environments was not found on the java.library.path: /research/CS-local/jdk1.5.0_01/jre/lib/i386/server:/research/CS-local/jdk1.5.0_01/jre/lib/i386:/research/CS-local/jdk1.5.0_01/jre/../lib/i386
Apr 17, 2015 12:44:28 AM org.apache.coyote.http11.Http11BaseProtocol init
INFO: Initializing Coyote HTTP/1.1 on http-9523
Apr 17, 2015 12:44:28 AM org.apache.catalina.startup.Catalina load
INFO: Initialization processed in 343 ms
Apr 17, 2015 12:44:28 AM org.apache.catalina.core.StandardService start
INFO: Starting service Catalina
Apr 17, 2015 12:44:28 AM org.apache.catalina.core.StandardEngine start
INFO: Starting Servlet Engine: Apache Tomcat/5.5.15
Apr 17, 2015 12:44:28 AM org.apache.catalina.core.StandardHost start
INFO: XML validation disabled
Apr 17, 2015 12:44:28 AM org.apache.catalina.startup.HostConfig deployWAR
INFO: Deploying web application archive photoshare.war
Apr 17, 2015 12:44:29 AM org.apache.coyote.http11.Http11BaseProtocol start
INFO: Starting Coyote HTTP/1.1 on http-9523
Apr 17, 2015 12:44:29 AM org.apache.catalina.storeconfig.StoreLoader load
INFO: Find registry server-registry.xml at classpath resource
Apr 17, 2015 12:44:29 AM org.apache.catalina.startup.Catalina start
INFO: Server startup in 1476 ms
Apr 17, 2015 12:44:46 AM org.apache.coyote.http11.Http11BaseProtocol pause
INFO: Pausing Coyote HTTP/1.1 on http-9523
Apr 17, 2015 12:44:47 AM org.apache.catalina.core.StandardService stop
INFO: Stopping service Catalina
Apr 17, 2015 12:44:47 AM org.apache.coyote.http11.Http11BaseProtocol destroy
INFO: Stopping Coyote HTTP/1.1 on http-9523
Apr 17, 2015 12:44:47 AM org.apache.catalina.core.AprLifecycleListener lifecycleEvent
INFO: Failed shutdown of Apache Portable Runtime
Apr 17, 2015 12:44:56 AM org.apache.catalina.core.AprLifecycleListener lifecycleEvent
INFO: The Apache Tomcat Native library which allows optimal performance in production environments was not found on the java.library.path: /research/CS-local/jdk1.5.0_01/jre/lib/i386/server:/research/CS-local/jdk1.5.0_01/jre/lib/i386:/research/CS-local/jdk1.5.0_01/jre/../lib/i386
Apr 17, 2015 12:44:56 AM org.apache.coyote.http11.Http11BaseProtocol init
INFO: Initializing Coyote HTTP/1.1 on http-9523
Apr 17, 2015 12:44:56 AM org.apache.catalina.startup.Catalina load
INFO: Initialization processed in 329 ms
Apr 17, 2015 12:44:56 AM org.apache.catalina.core.StandardService start
INFO: Starting service Catalina
Apr 17, 2015 12:44:56 AM org.apache.catalina.core.StandardEngine start
INFO: Starting Servlet Engine: Apache Tomcat/5.5.15
Apr 17, 2015 12:44:56 AM org.apache.catalina.core.StandardHost start
INFO: XML validation disabled
Apr 17, 2015 12:44:57 AM org.apache.coyote.http11.Http11BaseProtocol start
INFO: Starting Coyote HTTP/1.1 on http-9523
Apr 17, 2015 12:44:57 AM org.apache.catalina.storeconfig.StoreLoader load
INFO: Find registry server-registry.xml at classpath resource
Apr 17, 2015 12:44:57 AM org.apache.catalina.startup.Catalina start
INFO: Server startup in 892 ms
